2025-03-02 14:11:39,037 - breeze_auth - INFO - Loading credentials from config\.env
2025-03-02 14:11:39,039 - breeze_auth - INFO - Credentials loaded successfully
2025-03-02 14:11:39,900 - breeze_auth - ERROR - Error initializing BreezeConnect: module 'config' has no attribute 'SECURITY_MASTER_URL'
2025-03-02 20:51:48,624 - breeze_auth - INFO - Loading credentials from config\.env
2025-03-02 20:51:48,625 - breeze_auth - INFO - Credentials loaded successfully
2025-03-02 20:51:49,802 - breeze_auth - ERROR - Error initializing BreezeConnect: module 'config' has no attribute 'SECURITY_MASTER_URL'
2025-03-02 21:07:19,145 - breeze_auth - INFO - Credentials loaded successfully
2025-03-02 21:07:19,148 - breeze_auth - INFO - BreezeConnect initialized successfully
2025-03-02 21:07:20,267 - breeze_auth - WARNING - Session appears invalid, will generate new session
2025-03-02 21:07:20,269 - breeze_auth - INFO - Generated TOTP: 112881
2025-03-02 21:07:39,987 - breeze_auth - INFO - Session key saved successfully.
2025-03-02 21:07:40,677 - breeze_auth - INFO - Session generated successfully
2025-03-02 21:07:41,997 - breeze_auth - WARNING - Session appears invalid, will generate new session
2025-03-02 21:07:41,997 - breeze_auth - INFO - Generated TOTP: 804462
2025-03-02 21:07:54,881 - breeze_auth - INFO - Session key saved successfully.
2025-03-02 21:07:54,962 - breeze_auth - ERROR - Error generating session: Unexpected error: Could not authenticate credentials. Please check session key.
2025-03-02 21:08:05,195 - breeze_auth - INFO - Credentials loaded successfully
2025-03-02 21:08:05,195 - breeze_auth - INFO - BreezeConnect initialized successfully
2025-03-02 21:08:05,280 - breeze_auth - ERROR - Error using saved session: Unexpected error: Could not authenticate credentials. Please check session key.
2025-03-02 21:08:05,280 - breeze_auth - INFO - Generated TOTP: 453482
2025-03-02 21:08:12,842 - breeze_auth - INFO - Session key saved successfully.
2025-03-02 21:08:13,567 - breeze_auth - INFO - Session generated successfully
2025-03-02 21:08:14,196 - breeze_auth - WARNING - Session appears invalid, will generate new session
2025-03-02 21:08:14,196 - breeze_auth - INFO - Generated TOTP: 453482
2025-03-02 21:08:22,490 - breeze_auth - INFO - Session key saved successfully.
2025-03-02 21:08:23,288 - breeze_auth - INFO - Session generated successfully
2025-03-02 21:08:34,845 - breeze_auth - INFO - Credentials loaded successfully
2025-03-02 21:08:34,845 - breeze_auth - INFO - BreezeConnect initialized successfully
2025-03-02 21:08:35,497 - breeze_auth - WARNING - Session appears invalid, will generate new session
2025-03-02 21:08:35,497 - breeze_auth - INFO - Generated TOTP: 797099
2025-03-02 21:08:43,149 - breeze_auth - INFO - Session key saved successfully.
2025-03-02 21:08:44,135 - breeze_auth - INFO - Session generated successfully
2025-03-02 21:08:45,577 - breeze_auth - WARNING - Session appears invalid, will generate new session
2025-03-02 21:08:45,577 - breeze_auth - INFO - Generated TOTP: 797099
2025-03-02 21:08:47,665 - breeze_auth - INFO - Session key saved successfully.
2025-03-02 21:08:48,948 - breeze_auth - INFO - Session generated successfully
2025-03-02 21:16:13,315 - breeze_auth - INFO - Environment file path: c:\users\mahes\anaconda3\envs\gann_live\gs9_system\config\.env
2025-03-02 21:16:13,316 - breeze_auth - INFO - Session file path: c:\users\mahes\anaconda3\envs\gann_live\gs9_system\config\session_key.csv
2025-03-02 21:16:13,317 - breeze_auth - INFO - Credentials loaded successfully
2025-03-02 21:16:13,319 - breeze_auth - INFO - Loaded session key (generated at 2025-03-02 21:08:47.665650)
2025-03-02 21:16:13,320 - breeze_auth - INFO - BreezeConnect initialized successfully
2025-03-02 21:16:13,322 - breeze_auth - INFO - Loaded session key (generated at 2025-03-02 21:08:47.665650)
2025-03-02 21:16:14,446 - breeze_auth - WARNING - Session appears invalid, will generate new session
2025-03-02 21:16:14,446 - breeze_auth - INFO - Generated TOTP: 079602
2025-03-02 21:17:09,001 - breeze_auth - INFO - Session key saved successfully to config\session_key.csv
2025-03-02 21:17:09,841 - breeze_auth - INFO - Session generated successfully
2025-03-02 21:17:09,841 - breeze_auth - INFO - Loaded session key (generated at 2025-03-02 21:17:09.001258)
2025-03-02 21:17:10,567 - breeze_auth - WARNING - Session appears invalid, will generate new session
2025-03-02 21:17:10,567 - breeze_auth - INFO - Generated TOTP: 641283
2025-03-02 21:17:20,315 - breeze_auth - INFO - Session key saved successfully to config\session_key.csv
2025-03-02 21:17:20,419 - breeze_auth - ERROR - Error generating session: Unexpected error: Could not authenticate credentials. Please check session key.
2025-03-02 21:21:20,039 - breeze_auth - INFO - Environment file path: c:\users\mahes\anaconda3\envs\gann_live\gs9_system\config\.env
2025-03-02 21:21:20,039 - breeze_auth - INFO - Session file path: c:\users\mahes\anaconda3\envs\gann_live\gs9_system\config\session_key.csv
2025-03-02 21:21:20,039 - breeze_auth - INFO - Credentials loaded successfully
2025-03-02 21:21:20,046 - breeze_auth - INFO - Loaded session key (generated at 2025-03-02 21:17:20.315634)
2025-03-02 21:21:20,046 - breeze_auth - INFO - BreezeConnect initialized successfully
2025-03-02 21:21:20,046 - breeze_auth - INFO - Loaded session key (generated at 2025-03-02 21:17:20.315634)
2025-03-02 21:21:20,171 - breeze_auth - ERROR - Error using saved session: Unexpected error: Could not authenticate credentials. Please check session key.
2025-03-02 21:21:20,171 - breeze_auth - INFO - Generated TOTP: 846392
2025-03-02 21:23:01,478 - breeze_auth - INFO - Session key saved successfully to config\session_key.csv
2025-03-02 21:23:02,510 - breeze_auth - INFO - Session generated successfully
2025-03-02 21:23:02,510 - breeze_auth - INFO - Loaded session key (generated at 2025-03-02 21:23:01.478317)
2025-03-02 21:23:03,186 - breeze_auth - INFO - Generated TOTP: 017486
2025-03-02 21:29:11,378 - breeze_auth - INFO - Credentials loaded successfully
2025-03-02 21:29:11,389 - breeze_auth - INFO - Session key loaded (generated 0.1 hours ago)
2025-03-02 21:29:12,470 - breeze_auth - INFO - Session validated successfully
2025-03-02 21:30:35,225 - breeze_auth - INFO - Credentials loaded successfully
2025-03-02 21:30:35,227 - breeze_auth - ERROR - Error reading session key: not enough values to unpack (expected 2, got 0)
2025-03-02 21:30:35,227 - breeze_auth - INFO - Generating new session key.
2025-03-02 21:30:35,227 - breeze_auth - INFO - Generated TOTP: 209139
2025-03-02 21:32:19,917 - breeze_auth - INFO - Session key saved successfully
2025-03-02 21:32:21,414 - breeze_auth - INFO - Successfully authenticated with new session token
2025-03-02 21:34:22,308 - breeze_auth - INFO - Credentials loaded successfully
2025-03-02 21:34:22,308 - breeze_auth - WARNING - Invalid session key data
2025-03-02 21:34:22,308 - breeze_auth - INFO - Generating new session key.
2025-03-02 21:34:22,308 - breeze_auth - INFO - Generated TOTP: 217774
2025-03-02 21:35:11,797 - breeze_auth - INFO - Session key saved successfully
2025-03-02 21:35:13,234 - breeze_auth - INFO - Successfully authenticated with new session token
2025-03-02 21:35:29,536 - breeze_auth - INFO - Credentials loaded successfully
2025-03-02 21:35:29,536 - breeze_auth - INFO - Session key loaded (generated 0.0 hours ago)
2025-03-02 21:35:31,658 - breeze_auth - INFO - Session validated successfully
2025-03-02 21:35:31,658 - breeze_auth - INFO - Session key loaded (generated 0.0 hours ago)
2025-03-02 21:35:32,502 - breeze_auth - INFO - Session validated successfully
2025-03-02 21:58:55,404 - breeze_auth - INFO - Credentials loaded successfully
2025-03-02 21:58:55,404 - breeze_auth - INFO - Session key loaded (generated 0.4 hours ago)
2025-03-02 21:58:58,070 - breeze_auth - INFO - Session validated successfully
2025-03-02 21:59:36,397 - breeze_auth - INFO - Credentials loaded successfully
2025-03-02 21:59:36,397 - breeze_auth - INFO - Session key loaded (generated 0.4 hours ago)
2025-03-02 21:59:37,377 - breeze_auth - INFO - Session validated successfully
2025-03-02 22:06:47,548 - breeze_auth - INFO - Credentials loaded successfully
2025-03-02 22:06:47,551 - breeze_auth - INFO - Session key loaded (generated 0.5 hours ago)
2025-03-02 22:06:48,956 - breeze_auth - INFO - Session validated successfully
2025-03-02 22:10:18,687 - breeze_auth - INFO - Credentials loaded successfully
2025-03-02 22:10:18,687 - breeze_auth - INFO - Session key loaded (generated 0.6 hours ago)
2025-03-02 22:10:19,589 - breeze_auth - INFO - Session validated successfully
2025-03-02 22:12:34,280 - breeze_auth - INFO - Credentials loaded successfully
2025-03-02 22:12:34,282 - breeze_auth - INFO - Session key loaded (generated 0.6 hours ago)
2025-03-02 22:12:35,238 - breeze_auth - INFO - Session validated successfully
2025-03-02 22:16:59,261 - breeze_auth - INFO - Credentials loaded successfully
2025-03-02 22:16:59,263 - breeze_auth - INFO - Session key loaded (generated 0.7 hours ago)
2025-03-02 22:17:00,265 - breeze_auth - INFO - Session validated successfully
2025-03-02 22:21:36,682 - breeze_auth - INFO - Credentials loaded successfully
2025-03-02 22:21:36,682 - breeze_auth - INFO - Session key loaded (generated 0.8 hours ago)
2025-03-02 22:21:38,271 - breeze_auth - INFO - Session validated successfully
2025-03-02 22:25:19,933 - breeze_auth - INFO - Credentials loaded successfully
2025-03-02 22:25:19,936 - breeze_auth - INFO - Session key loaded (generated 0.8 hours ago)
2025-03-02 22:25:21,204 - breeze_auth - INFO - Session validated successfully
2025-03-03 07:26:49,898 - breeze_auth - INFO - Credentials loaded successfully
2025-03-03 07:26:49,903 - breeze_auth - INFO - Session key loaded (generated 9.9 hours ago)
2025-03-03 07:26:50,079 - breeze_auth - ERROR - Failed to use saved session key: Unexpected error: Session key is expired.
2025-03-03 07:26:50,079 - breeze_auth - INFO - Generating new session key.
2025-03-03 07:26:50,079 - breeze_auth - INFO - Generated TOTP: 090429
2025-03-03 07:28:14,312 - breeze_auth - INFO - Session key saved successfully
2025-03-03 07:28:15,122 - breeze_auth - INFO - Successfully authenticated with new session token
2025-03-03 07:32:56,725 - breeze_auth - INFO - Credentials loaded successfully
2025-03-03 07:32:56,740 - breeze_auth - INFO - Session key loaded (generated 0.1 hours ago)
2025-03-03 07:32:57,589 - breeze_auth - INFO - Session validated successfully
2025-03-03 07:47:48,104 - breeze_auth - INFO - Credentials loaded successfully
2025-03-03 07:47:48,104 - breeze_auth - INFO - Session key loaded (generated 0.3 hours ago)
2025-03-03 07:47:50,395 - breeze_auth - INFO - Session validated successfully
